[2021-09-08 09:07:21,235],[ERROR],[insurance-info-server],[],[],[HikariPool-1 connection adder]:com.zaxxer.hikari.pool.HikariPool:497,HikariPool-1 - Error thrown while acquiring connection from data source 
java.sql.SQLException: Could not retrieve transation read-only status server
	at com.mysql.jdbc.SQLError.createSQLException(SQLError.java:998)
	at com.mysql.jdbc.SQLError.createSQLException(SQLError.java:937)
	at com.mysql.jdbc.SQLError.createSQLException(SQLError.java:926)
	at com.mysql.jdbc.SQLError.createSQLException(SQLError.java:872)
	at com.mysql.jdbc.SQLError.createSQLException(SQLError.java:904)
	at com.mysql.jdbc.SQLError.createSQLException(SQLError.java:894)
	at com.mysql.jdbc.ConnectionImpl.isReadOnly(ConnectionImpl.java:3623)
	at com.mysql.jdbc.ConnectionImpl.isReadOnly(ConnectionImpl.java:3592)
	at com.zaxxer.hikari.pool.PoolBase.setupConnection(PoolBase.java:402)
	at com.zaxxer.hikari.pool.PoolBase.newConnection(PoolBase.java:363)
	at com.zaxxer.hikari.pool.PoolBase.newPoolEntry(PoolBase.java:206)
	at com.zaxxer.hikari.pool.HikariPool.createPoolEntry(HikariPool.java:477)
	at com.zaxxer.hikari.pool.HikariPool.access$100(HikariPool.java:71)
	at com.zaxxer.hikari.pool.HikariPool$PoolEntryCreator.call(HikariPool.java:725)
	at com.zaxxer.hikari.pool.HikariPool$PoolEntryCreator.call(HikariPool.java:711)
	at java.util.concurrent.FutureTask.run$$$capture(FutureTask.java:266)
	at java.util.concurrent.FutureTask.run(FutureTask.java)
	at java.util.concurrent.ThreadPoolExecutor.runWorker(ThreadPoolExecutor.java:1149)
	at java.util.concurrent.ThreadPoolExecutor$Worker.run(ThreadPoolExecutor.java:624)
	at java.lang.Thread.run(Thread.java:748)
Caused by: com.mysql.jdbc.exceptions.jdbc4.CommunicationsException: Communications link failure

The last packet successfully received from the server was 3,017 milliseconds ago.  The last packet sent successfully to the server was 3,013 milliseconds ago.
	at sun.reflect.GeneratedConstructorAccessor54.newInstance(Unknown Source)
	at sun.reflect.DelegatingConstructorAccessorImpl.newInstance(DelegatingConstructorAccessorImpl.java:45)
	at java.lang.reflect.Constructor.newInstance(Constructor.java:423)
	at com.mysql.jdbc.Util.handleNewInstance(Util.java:400)
	at com.mysql.jdbc.SQLError.createCommunicationsException(SQLError.java:1038)
	at com.mysql.jdbc.MysqlIO.reuseAndReadPacket(MysqlIO.java:3434)
	at com.mysql.jdbc.MysqlIO.reuseAndReadPacket(MysqlIO.java:3334)
	at com.mysql.jdbc.MysqlIO.checkErrorPacket(MysqlIO.java:3774)
	at com.mysql.jdbc.MysqlIO.sendCommand(MysqlIO.java:2447)
	at com.mysql.jdbc.MysqlIO.sqlQueryDirect(MysqlIO.java:2594)
	at com.mysql.jdbc.ConnectionImpl.execSQL(ConnectionImpl.java:2541)
	at com.mysql.jdbc.ConnectionImpl.execSQL(ConnectionImpl.java:2499)
	at com.mysql.jdbc.StatementImpl.executeQuery(StatementImpl.java:1432)
	at com.mysql.jdbc.ConnectionImpl.isReadOnly(ConnectionImpl.java:3617)
	... 13 common frames omitted
Caused by: java.net.SocketTimeoutException: Read timed out
	at java.net.SocketInputStream.socketRead0(Native Method)
	at java.net.SocketInputStream.socketRead(SocketInputStream.java:116)
	at java.net.SocketInputStream.read(SocketInputStream.java:171)
	at java.net.SocketInputStream.read(SocketInputStream.java:141)
	at com.mysql.jdbc.util.ReadAheadInputStream.fill(ReadAheadInputStream.java:100)
	at com.mysql.jdbc.util.ReadAheadInputStream.readFromUnderlyingStreamIfNecessary(ReadAheadInputStream.java:143)
	at com.mysql.jdbc.util.ReadAheadInputStream.read(ReadAheadInputStream.java:173)
	at com.mysql.jdbc.MysqlIO.readFully(MysqlIO.java:2923)
	at com.mysql.jdbc.MysqlIO.reuseAndReadPacket(MysqlIO.java:3344)
	... 21 common frames omitted
[2021-09-08 10:29:12,054],[INFO],[insurance-info-server],[],[],[SpringContextShutdownHook]:org.springframework.scheduling.concurrent.ExecutorConfigurationSupport:218,Shutting down ExecutorService 'applicationTaskExecutor' 
[2021-09-08 10:29:12,058],[INFO],[insurance-info-server],[],[],[SpringContextShutdownHook]:com.zaxxer.hikari.HikariDataSource:350,HikariPool-1 - Shutdown initiated... 
[2021-09-08 10:29:12,074],[INFO],[insurance-info-server],[],[],[SpringContextShutdownHook]:com.zaxxer.hikari.HikariDataSource:352,HikariPool-1 - Shutdown completed. 
[2021-09-08 10:29:25,722],[INFO],[insurance-info-server],[],[],[main]:org.springframework.boot.StartupInfoLogger:55,Starting Application on ztx with PID 52384 (D:\zzj\insurance-info-server\target\classes started by lenovo in D:\zzj\insurance-info-server) 
[2021-09-08 10:29:25,725],[DEBUG],[insurance-info-server],[],[],[main]:org.springframework.boot.StartupInfoLogger:56,Running with Spring Boot v2.3.12.RELEASE, Spring v5.2.15.RELEASE 
[2021-09-08 10:29:25,726],[INFO],[insurance-info-server],[],[],[main]:org.springframework.boot.SpringApplication:652,The following profiles are active: test 
[2021-09-08 10:29:27,551],[INFO],[insurance-info-server],[],[],[main]:org.springframework.boot.web.embedded.tomcat.TomcatWebServer:108,Tomcat initialized with port(s): 8097 (http) 
[2021-09-08 10:29:27,561],[INFO],[insurance-info-server],[],[],[main]:org.apache.juli.logging.DirectJDKLog:173,Initializing ProtocolHandler ["http-nio-8097"] 
[2021-09-08 10:29:27,562],[INFO],[insurance-info-server],[],[],[main]:org.apache.juli.logging.DirectJDKLog:173,Starting service [Tomcat] 
[2021-09-08 10:29:27,562],[INFO],[insurance-info-server],[],[],[main]:org.apache.juli.logging.DirectJDKLog:173,Starting Servlet engine: [Apache Tomcat/9.0.46] 
[2021-09-08 10:29:27,721],[INFO],[insurance-info-server],[],[],[main]:org.apache.juli.logging.DirectJDKLog:173,Initializing Spring embedded WebApplicationContext 
[2021-09-08 10:29:27,721],[INFO],[insurance-info-server],[],[],[main]:org.springframework.boot.web.servlet.context.ServletWebServerApplicationContext:285,Root WebApplicationContext: initialization completed in 1940 ms 
[2021-09-08 10:29:27,812],[INFO],[insurance-info-server],[],[],[main]:com.hfi.insurance.service.impl.InstitutionInfoServiceImpl:476,启动-开启写文件线程 
[2021-09-08 10:32:17,666],[INFO],[insurance-info-server],[],[],[main]:org.springframework.scheduling.concurrent.ExecutorConfigurationSupport:181,Initializing ExecutorService 'applicationTaskExecutor' 
[2021-09-08 10:32:59,449],[INFO],[insurance-info-server],[],[],[main]:org.apache.juli.logging.DirectJDKLog:173,Starting ProtocolHandler ["http-nio-8097"] 
[2021-09-08 10:33:00,151],[INFO],[insurance-info-server],[],[],[main]:org.springframework.boot.web.embedded.tomcat.TomcatWebServer:220,Tomcat started on port(s): 8097 (http) with context path '/insurance_info' 
[2021-09-08 10:33:30,644],[INFO],[insurance-info-server],[],[],[main]:org.springframework.boot.StartupInfoLogger:61,Started Application in 245.449 seconds (JVM running for 248.406) 
[2021-09-08 10:33:30,894],[INFO],[insurance-info-server],[],[],[main]:com.hfi.insurance.config.ApplicationInit:37,================================================== 
[2021-09-08 10:33:30,905],[INFO],[insurance-info-server],[],[],[main]:com.hfi.insurance.config.ApplicationInit:38,| 项目启动初始化 
[2021-09-08 10:33:30,955],[INFO],[insurance-info-server],[],[],[main]:com.hfi.insurance.config.ApplicationInit:39,| 当前项目环境为：test 
[2021-09-08 10:33:32,777],[INFO],[insurance-info-server],[],[],[main]:com.hfi.insurance.config.ApplicationInit:41,| Swagger API http://182.11.3.76:8097/insurance_info/swagger-ui.html#/ 
[2021-09-08 10:33:34,542],[INFO],[insurance-info-server],[],[],[main]:com.hfi.insurance.config.ApplicationInit:47,| Doc API http://182.11.3.76:8097/insurance_info/doc.html 
[2021-09-08 10:33:34,552],[INFO],[insurance-info-server],[],[],[main]:com.hfi.insurance.config.ApplicationInit:60,| 项目启动成功 
[2021-09-08 10:33:34,562],[INFO],[insurance-info-server],[],[],[main]:com.hfi.insurance.config.ApplicationInit:61,================================================== 
[2021-09-08 10:41:04,258],[INFO],[insurance-info-server],[],[],[http-nio-8097-exec-1]:org.apache.juli.logging.DirectJDKLog:173,Initializing Spring DispatcherServlet 'dispatcherServlet' 
[2021-09-08 10:41:04,269],[INFO],[insurance-info-server],[],[],[http-nio-8097-exec-1]:org.springframework.web.servlet.FrameworkServlet:525,Initializing Servlet 'dispatcherServlet' 
[2021-09-08 10:41:05,565],[INFO],[insurance-info-server],[],[],[http-nio-8097-exec-1]:org.springframework.web.servlet.FrameworkServlet:547,Completed initialization in 1286 ms 
[2021-09-08 10:41:06,604],[WARN],[insurance-info-server],[],[],[http-nio-8097-exec-1]:org.springframework.web.servlet.handler.AbstractHandlerExceptionResolver:199,Resolved [org.springframework.http.converter.HttpMessageNotReadableException: Required request body is missing: public void com.hfi.insurance.controller.InstitutionController.addYbInstitutionInfoChange(com.hfi.insurance.model.YbInstitutionInfoChange)] 
[2021-09-08 10:44:20,868],[INFO],[insurance-info-server],[],[],[http-nio-8097-exec-2]:com.hfi.insurance.aspect.LogAspect:47,"className":"YbInstitutionInfoServiceImpl" "methodName":"getOrgTdListForCreateFlow"-入参:{"pageNum":2,"pageSize":10,"number":"0100","institutionName":"杭州市临安区第一人民医院","institutionTypes":["1"],"institutionLevels":["30"],"areas":["330185"],"profits":["1"]} 
[2021-09-08 10:44:24,140],[WARN],[insurance-info-server],[],[],[http-nio-8097-exec-2]:com.zaxxer.hikari.HikariConfig:1047,HikariPool-1 - idleTimeout is close to or more than maxLifetime, disabling it. 
[2021-09-08 10:44:24,151],[INFO],[insurance-info-server],[],[],[http-nio-8097-exec-2]:com.zaxxer.hikari.HikariDataSource:110,HikariPool-1 - Starting... 
[2021-09-08 10:44:26,866],[INFO],[insurance-info-server],[],[],[http-nio-8097-exec-2]:com.zaxxer.hikari.HikariDataSource:123,HikariPool-1 - Start completed. 
[2021-09-08 10:44:28,503],[DEBUG],[insurance-info-server],[],[],[http-nio-8097-exec-2]:org.apache.ibatis.logging.jdbc.BaseJdbcLogger:143,==>  Preparing: select org.AKB020 as number ,org.AKB021 as institution_name,org.AKA101 as level, org.AAA027 as area ,org.BKA938 as profit,ins.legal_name, ins.org_institution_code,ins.legal_card_type,ins.legal_id_card, ins.legal_phone,ins.contact_name,ins.contact_card_type,ins.contact_id_card, ins.contact_phone,ins.account_id,ins.organize_id,ins.create_time,ins.update_time from yb_institution_info ins inner join yb_org_td org on org.AKB020 = ins.number WHERE org.AAA027 like '3301%' and org.BKB012 = '1' and org.AKB021 = ? and org.AKB020 = ? and org.AKB022 in ( ? ) and org.AKA101 in ( ? ) and org.AAA027 in ( ? ) and org.BKA938 in ( ? ) limit ?,?  
[2021-09-08 10:44:33,284],[DEBUG],[insurance-info-server],[],[],[http-nio-8097-exec-2]:org.apache.ibatis.logging.jdbc.BaseJdbcLogger:143,==> Parameters: 杭州市临安区第一人民医院(String), 0100(String), 1(String), 30(String), 330185(String), 1(String), 1(Integer), 10(Integer) 
[2021-09-08 10:44:36,036],[DEBUG],[insurance-info-server],[],[],[http-nio-8097-exec-2]:org.apache.ibatis.logging.jdbc.BaseJdbcLogger:143,<==      Total: 0 
[2021-09-08 10:44:39,168],[INFO],[insurance-info-server],[],[],[http-nio-8097-exec-2]:com.hfi.insurance.utils.HttpUtil:152,请求参数：{"organizeName":"","pageIndex":1,"pageSize":20} 
[2021-09-08 10:44:39,508],[DEBUG],[insurance-info-server],[],[],[http-nio-8097-exec-2]:org.apache.ibatis.logging.jdbc.BaseJdbcLogger:143,==>  Preparing: select count(org.AKB020) from yb_institution_info ins inner join yb_org_td org on org.AKB020 = ins.number WHERE org.AAA027 like '3301%' and org.BKB012 = '1' and org.AKB021 = ? and org.AKB020 = ? and org.AKB022 in ( ? ) and org.AKA101 in ( ? ) and org.AAA027 in ( ? ) and org.BKA938 in ( ? )  
[2021-09-08 10:44:39,509],[DEBUG],[insurance-info-server],[],[],[http-nio-8097-exec-2]:org.apache.ibatis.logging.jdbc.BaseJdbcLogger:143,==> Parameters: 杭州市临安区第一人民医院(String), 0100(String), 1(String), 30(String), 330185(String), 1(String) 
[2021-09-08 10:44:39,549],[DEBUG],[insurance-info-server],[],[],[http-nio-8097-exec-2]:org.apache.ibatis.logging.jdbc.BaseJdbcLogger:143,<==      Total: 1 
[2021-09-08 10:44:39,554],[INFO],[insurance-info-server],[],[],[http-nio-8097-exec-2]:com.hfi.insurance.aspect.LogAspect:58,"className":"YbInstitutionInfoServiceImpl" "methodName":"getOrgTdListForCreateFlow"-出参:{"records":[{"number":"bx002","institutionName":"esigntest测试保险公司2","orgInstitutionCode":null,"legalName":null,"legalCardType":null,"legalIdCard":null,"legalPhone":null,"contactName":"周鸣鸣","contactCardType":null,"contactIdCard":null,"contactPhone":null,"accountId":"f338517a-9653-4593-b1f7-3faea7783f22","organizeId":"be57e46c-61d1-4db6-bdbd-ee8be921ab0b","area":null,"level":null,"profit":null,"createTime":null,"updateTime":null},{"number":"bx001","institutionName":"esigntest测试保险公司1","orgInstitutionCode":null,"legalName":null,"legalCardType":null,"legalIdCard":null,"legalPhone":null,"contactName":"周鸣鸣","contactCardType":null,"contactIdCard":null,"contactPhone":null,"accountId":"f338517a-9653-4593-b1f7-3faea7783f22","organizeId":"f9696842-2d5b-4518-ac40-41f15491dd01","area":null,"level":null,"profit":null,"createTime":null,"updateTime":null}],"total":1,"size":10,"current":1,"orders":[],"hitCount":false,"searchCount":true,"pages":1} - cost time = 18669 ms 
[2021-09-08 10:52:04,939],[WARN],[insurance-info-server],[],[],[http-nio-8097-exec-4]:org.springframework.web.servlet.handler.AbstractHandlerExceptionResolver:199,Resolved [org.springframework.http.converter.HttpMessageNotReadableException: Required request body is missing: public void com.hfi.insurance.controller.InstitutionController.addYbInstitutionInfoChange(com.hfi.insurance.model.YbInstitutionInfoChange)] 
[2021-09-08 11:02:55,176],[WARN],[insurance-info-server],[],[],[http-nio-8097-exec-5]:org.springframework.web.servlet.handler.AbstractHandlerExceptionResolver:199,Resolved [org.springframework.web.HttpMediaTypeNotSupportedException: Content type 'application/x-www-form-urlencoded;charset=UTF-8' not supported] 
[2021-09-08 11:02:59,520],[WARN],[insurance-info-server],[],[],[http-nio-8097-exec-6]:org.springframework.web.servlet.handler.AbstractHandlerExceptionResolver:199,Resolved [org.springframework.web.HttpMediaTypeNotSupportedException: Content type 'application/x-www-form-urlencoded;charset=UTF-8' not supported] 
[2021-09-08 11:03:09,131],[WARN],[insurance-info-server],[],[],[http-nio-8097-exec-7]:org.springframework.web.servlet.handler.AbstractHandlerExceptionResolver:199,Resolved [org.springframework.web.HttpMediaTypeNotSupportedException: Content type 'application/x-www-form-urlencoded;charset=UTF-8' not supported] 
[2021-09-08 11:03:23,808],[INFO],[insurance-info-server],[],[],[SpringContextShutdownHook]:org.springframework.scheduling.concurrent.ExecutorConfigurationSupport:218,Shutting down ExecutorService 'applicationTaskExecutor' 
[2021-09-08 11:03:23,811],[INFO],[insurance-info-server],[],[],[SpringContextShutdownHook]:com.zaxxer.hikari.HikariDataSource:350,HikariPool-1 - Shutdown initiated... 
[2021-09-08 11:03:23,863],[INFO],[insurance-info-server],[],[],[SpringContextShutdownHook]:com.zaxxer.hikari.HikariDataSource:352,HikariPool-1 - Shutdown completed. 
[2021-09-08 11:03:31,929],[INFO],[insurance-info-server],[],[],[main]:org.springframework.boot.StartupInfoLogger:55,Starting Application on ztx with PID 58144 (D:\zzj\insurance-info-server\target\classes started by lenovo in D:\zzj\insurance-info-server) 
[2021-09-08 11:03:31,932],[DEBUG],[insurance-info-server],[],[],[main]:org.springframework.boot.StartupInfoLogger:56,Running with Spring Boot v2.3.12.RELEASE, Spring v5.2.15.RELEASE 
[2021-09-08 11:03:31,932],[INFO],[insurance-info-server],[],[],[main]:org.springframework.boot.SpringApplication:652,The following profiles are active: test 
[2021-09-08 11:03:33,617],[INFO],[insurance-info-server],[],[],[main]:org.springframework.boot.web.embedded.tomcat.TomcatWebServer:108,Tomcat initialized with port(s): 8097 (http) 
[2021-09-08 11:03:33,625],[INFO],[insurance-info-server],[],[],[main]:org.apache.juli.logging.DirectJDKLog:173,Initializing ProtocolHandler ["http-nio-8097"] 
[2021-09-08 11:03:33,626],[INFO],[insurance-info-server],[],[],[main]:org.apache.juli.logging.DirectJDKLog:173,Starting service [Tomcat] 
[2021-09-08 11:03:33,626],[INFO],[insurance-info-server],[],[],[main]:org.apache.juli.logging.DirectJDKLog:173,Starting Servlet engine: [Apache Tomcat/9.0.46] 
[2021-09-08 11:03:33,786],[INFO],[insurance-info-server],[],[],[main]:org.apache.juli.logging.DirectJDKLog:173,Initializing Spring embedded WebApplicationContext 
[2021-09-08 11:03:33,786],[INFO],[insurance-info-server],[],[],[main]:org.springframework.boot.web.servlet.context.ServletWebServerApplicationContext:285,Root WebApplicationContext: initialization completed in 1808 ms 
[2021-09-08 11:03:33,878],[INFO],[insurance-info-server],[],[],[main]:com.hfi.insurance.service.impl.InstitutionInfoServiceImpl:476,启动-开启写文件线程 
[2021-09-08 11:03:38,448],[INFO],[insurance-info-server],[],[],[main]:org.springframework.scheduling.concurrent.ExecutorConfigurationSupport:181,Initializing ExecutorService 'applicationTaskExecutor' 
[2021-09-08 11:03:38,650],[INFO],[insurance-info-server],[],[],[main]:org.apache.juli.logging.DirectJDKLog:173,Starting ProtocolHandler ["http-nio-8097"] 
[2021-09-08 11:03:38,685],[INFO],[insurance-info-server],[],[],[main]:org.springframework.boot.web.embedded.tomcat.TomcatWebServer:220,Tomcat started on port(s): 8097 (http) with context path '/insurance_info' 
[2021-09-08 11:03:38,921],[INFO],[insurance-info-server],[],[],[main]:org.springframework.boot.StartupInfoLogger:61,Started Application in 7.551 seconds (JVM running for 10.644) 
[2021-09-08 11:03:38,923],[INFO],[insurance-info-server],[],[],[main]:com.hfi.insurance.config.ApplicationInit:37,================================================== 
[2021-09-08 11:03:38,924],[INFO],[insurance-info-server],[],[],[main]:com.hfi.insurance.config.ApplicationInit:38,| 项目启动初始化 
[2021-09-08 11:03:38,926],[INFO],[insurance-info-server],[],[],[main]:com.hfi.insurance.config.ApplicationInit:39,| 当前项目环境为：test 
[2021-09-08 11:03:40,723],[INFO],[insurance-info-server],[],[],[main]:com.hfi.insurance.config.ApplicationInit:41,| Swagger API http://182.11.3.76:8097/insurance_info/swagger-ui.html#/ 
[2021-09-08 11:03:42,521],[INFO],[insurance-info-server],[],[],[main]:com.hfi.insurance.config.ApplicationInit:47,| Doc API http://182.11.3.76:8097/insurance_info/doc.html 
[2021-09-08 11:03:42,521],[INFO],[insurance-info-server],[],[],[main]:com.hfi.insurance.config.ApplicationInit:60,| 项目启动成功 
[2021-09-08 11:03:42,521],[INFO],[insurance-info-server],[],[],[main]:com.hfi.insurance.config.ApplicationInit:61,================================================== 
[2021-09-08 11:03:53,740],[INFO],[insurance-info-server],[],[],[http-nio-8097-exec-1]:org.apache.juli.logging.DirectJDKLog:173,Initializing Spring DispatcherServlet 'dispatcherServlet' 
[2021-09-08 11:03:53,741],[INFO],[insurance-info-server],[],[],[http-nio-8097-exec-1]:org.springframework.web.servlet.FrameworkServlet:525,Initializing Servlet 'dispatcherServlet' 
[2021-09-08 11:03:53,749],[INFO],[insurance-info-server],[],[],[http-nio-8097-exec-1]:org.springframework.web.servlet.FrameworkServlet:547,Completed initialization in 8 ms 
[2021-09-08 11:03:53,779],[WARN],[insurance-info-server],[],[],[http-nio-8097-exec-1]:org.springframework.web.servlet.handler.AbstractHandlerExceptionResolver:199,Resolved [org.springframework.web.HttpMediaTypeNotSupportedException: Content type 'application/x-www-form-urlencoded;charset=UTF-8' not supported] 
[2021-09-08 11:04:05,598],[WARN],[insurance-info-server],[],[],[http-nio-8097-exec-2]:org.springframework.web.servlet.handler.AbstractHandlerExceptionResolver:199,Resolved [org.springframework.web.HttpMediaTypeNotSupportedException: Content type 'application/x-www-form-urlencoded;charset=UTF-8' not supported] 
[2021-09-08 11:04:31,608],[INFO],[insurance-info-server],[],[],[SpringContextShutdownHook]:org.springframework.scheduling.concurrent.ExecutorConfigurationSupport:218,Shutting down ExecutorService 'applicationTaskExecutor' 
[2021-09-08 11:04:39,472],[INFO],[insurance-info-server],[],[],[main]:org.springframework.boot.StartupInfoLogger:55,Starting Application on ztx with PID 49688 (D:\zzj\insurance-info-server\target\classes started by lenovo in D:\zzj\insurance-info-server) 
[2021-09-08 11:04:39,476],[DEBUG],[insurance-info-server],[],[],[main]:org.springframework.boot.StartupInfoLogger:56,Running with Spring Boot v2.3.12.RELEASE, Spring v5.2.15.RELEASE 
[2021-09-08 11:04:39,476],[INFO],[insurance-info-server],[],[],[main]:org.springframework.boot.SpringApplication:652,The following profiles are active: test 
[2021-09-08 11:04:41,253],[INFO],[insurance-info-server],[],[],[main]:org.springframework.boot.web.embedded.tomcat.TomcatWebServer:108,Tomcat initialized with port(s): 8097 (http) 
[2021-09-08 11:04:41,263],[INFO],[insurance-info-server],[],[],[main]:org.apache.juli.logging.DirectJDKLog:173,Initializing ProtocolHandler ["http-nio-8097"] 
[2021-09-08 11:04:41,263],[INFO],[insurance-info-server],[],[],[main]:org.apache.juli.logging.DirectJDKLog:173,Starting service [Tomcat] 
[2021-09-08 11:04:41,264],[INFO],[insurance-info-server],[],[],[main]:org.apache.juli.logging.DirectJDKLog:173,Starting Servlet engine: [Apache Tomcat/9.0.46] 
[2021-09-08 11:04:41,417],[INFO],[insurance-info-server],[],[],[main]:org.apache.juli.logging.DirectJDKLog:173,Initializing Spring embedded WebApplicationContext 
[2021-09-08 11:04:41,417],[INFO],[insurance-info-server],[],[],[main]:org.springframework.boot.web.servlet.context.ServletWebServerApplicationContext:285,Root WebApplicationContext: initialization completed in 1889 ms 
[2021-09-08 11:04:41,507],[INFO],[insurance-info-server],[],[],[main]:com.hfi.insurance.service.impl.InstitutionInfoServiceImpl:476,启动-开启写文件线程 
[2021-09-08 11:04:46,831],[INFO],[insurance-info-server],[],[],[main]:org.springframework.scheduling.concurrent.ExecutorConfigurationSupport:181,Initializing ExecutorService 'applicationTaskExecutor' 
[2021-09-08 11:04:47,114],[INFO],[insurance-info-server],[],[],[main]:org.apache.juli.logging.DirectJDKLog:173,Starting ProtocolHandler ["http-nio-8097"] 
[2021-09-08 11:04:47,171],[INFO],[insurance-info-server],[],[],[main]:org.springframework.boot.web.embedded.tomcat.TomcatWebServer:220,Tomcat started on port(s): 8097 (http) with context path '/insurance_info' 
[2021-09-08 11:04:47,583],[INFO],[insurance-info-server],[],[],[main]:org.springframework.boot.StartupInfoLogger:61,Started Application in 8.82 seconds (JVM running for 11.766) 
[2021-09-08 11:04:47,587],[INFO],[insurance-info-server],[],[],[main]:com.hfi.insurance.config.ApplicationInit:37,================================================== 
[2021-09-08 11:04:47,587],[INFO],[insurance-info-server],[],[],[main]:com.hfi.insurance.config.ApplicationInit:38,| 项目启动初始化 
[2021-09-08 11:04:47,590],[INFO],[insurance-info-server],[],[],[main]:com.hfi.insurance.config.ApplicationInit:39,| 当前项目环境为：test 
[2021-09-08 11:04:49,302],[INFO],[insurance-info-server],[],[],[main]:com.hfi.insurance.config.ApplicationInit:41,| Swagger API http://182.11.3.76:8097/insurance_info/swagger-ui.html#/ 
[2021-09-08 11:04:51,028],[INFO],[insurance-info-server],[],[],[main]:com.hfi.insurance.config.ApplicationInit:47,| Doc API http://182.11.3.76:8097/insurance_info/doc.html 
[2021-09-08 11:04:51,028],[INFO],[insurance-info-server],[],[],[main]:com.hfi.insurance.config.ApplicationInit:60,| 项目启动成功 
[2021-09-08 11:04:51,029],[INFO],[insurance-info-server],[],[],[main]:com.hfi.insurance.config.ApplicationInit:61,================================================== 
[2021-09-08 11:05:10,023],[INFO],[insurance-info-server],[],[],[http-nio-8097-exec-1]:org.apache.juli.logging.DirectJDKLog:173,Initializing Spring DispatcherServlet 'dispatcherServlet' 
[2021-09-08 11:05:10,024],[INFO],[insurance-info-server],[],[],[http-nio-8097-exec-1]:org.springframework.web.servlet.FrameworkServlet:525,Initializing Servlet 'dispatcherServlet' 
[2021-09-08 11:05:10,035],[INFO],[insurance-info-server],[],[],[http-nio-8097-exec-1]:org.springframework.web.servlet.FrameworkServlet:547,Completed initialization in 11 ms 
[2021-09-08 11:05:10,087],[WARN],[insurance-info-server],[],[],[http-nio-8097-exec-1]:org.springframework.web.servlet.handler.AbstractHandlerExceptionResolver:199,Resolved [org.springframework.web.HttpMediaTypeNotSupportedException: Content type 'application/x-www-form-urlencoded;charset=UTF-8' not supported] 
[2021-09-08 11:36:57,971],[WARN],[insurance-info-server],[],[],[http-nio-8097-exec-3]:org.springframework.web.servlet.handler.AbstractHandlerExceptionResolver:199,Resolved [org.springframework.web.HttpMediaTypeNotSupportedException: Content type 'text/plain;charset=UTF-8' not supported] 
[2021-09-08 11:37:00,201],[WARN],[insurance-info-server],[],[],[http-nio-8097-exec-4]:org.springframework.web.servlet.handler.AbstractHandlerExceptionResolver:199,Resolved [org.springframework.web.HttpMediaTypeNotSupportedException: Content type 'text/plain;charset=UTF-8' not supported] 
[2021-09-08 11:46:33,689],[WARN],[insurance-info-server],[],[],[http-nio-8097-exec-6]:org.springframework.web.servlet.handler.AbstractHandlerExceptionResolver:199,Resolved [org.springframework.web.HttpMediaTypeNotSupportedException: Content type 'text/plain;charset=UTF-8' not supported] 
[2021-09-08 11:46:57,795],[WARN],[insurance-info-server],[],[],[http-nio-8097-exec-7]:org.springframework.web.servlet.handler.AbstractHandlerExceptionResolver:199,Resolved [org.springframework.web.HttpMediaTypeNotSupportedException: Content type 'text/plain;charset=UTF-8' not supported] 
[2021-09-08 14:07:37,710],[WARN],[insurance-info-server],[],[],[http-nio-8097-exec-9]:com.zaxxer.hikari.HikariConfig:1047,HikariPool-1 - idleTimeout is close to or more than maxLifetime, disabling it. 
[2021-09-08 14:07:37,711],[INFO],[insurance-info-server],[],[],[http-nio-8097-exec-9]:com.zaxxer.hikari.HikariDataSource:110,HikariPool-1 - Starting... 
[2021-09-08 14:07:38,217],[INFO],[insurance-info-server],[],[],[http-nio-8097-exec-9]:com.zaxxer.hikari.HikariDataSource:123,HikariPool-1 - Start completed. 
[2021-09-08 14:07:38,247],[DEBUG],[insurance-info-server],[],[],[http-nio-8097-exec-9]:org.apache.ibatis.logging.jdbc.BaseJdbcLogger:143,==>  Preparing: INSERT INTO yb_institution_info_change ( number ) VALUES ( ? )  
[2021-09-08 14:07:38,270],[DEBUG],[insurance-info-server],[],[],[http-nio-8097-exec-9]:org.apache.ibatis.logging.jdbc.BaseJdbcLogger:143,==> Parameters: 0100(String) 
[2021-09-08 14:07:38,402],[ERROR],[insurance-info-server],[],[],[http-nio-8097-exec-9]:org.apache.juli.logging.DirectJDKLog:175,Servlet.service() for servlet [dispatcherServlet] in context with path [/insurance_info] threw exception [Request processing failed; nested exception is org.springframework.dao.DataIntegrityViolationException: 
### Error updating database.  Cause: java.sql.SQLException: Field 'org_institution_code' doesn't have a default value
### The error may exist in com/hfi/insurance/mapper/YbInstitutionInfoChangeMapper.java (best guess)
### The error may involve com.hfi.insurance.mapper.YbInstitutionInfoChangeMapper.insert-Inline
### The error occurred while setting parameters
### SQL: INSERT INTO yb_institution_info_change  ( number )  VALUES  ( ? )
### Cause: java.sql.SQLException: Field 'org_institution_code' doesn't have a default value
; Field 'org_institution_code' doesn't have a default value; nested exception is java.sql.SQLException: Field 'org_institution_code' doesn't have a default value] with root cause 
java.sql.SQLException: Field 'org_institution_code' doesn't have a default value
	at com.mysql.jdbc.SQLError.createSQLException(SQLError.java:998)
	at com.mysql.jdbc.MysqlIO.checkErrorPacket(MysqlIO.java:3847)
	at com.mysql.jdbc.MysqlIO.checkErrorPacket(MysqlIO.java:3783)
	at com.mysql.jdbc.MysqlIO.sendCommand(MysqlIO.java:2447)
	at com.mysql.jdbc.MysqlIO.sqlQueryDirect(MysqlIO.java:2594)
	at com.mysql.jdbc.ConnectionImpl.execSQL(ConnectionImpl.java:2545)
	at com.mysql.jdbc.PreparedStatement.executeInternal(PreparedStatement.java:1901)
	at com.mysql.jdbc.PreparedStatement.execute(PreparedStatement.java:1193)
	at com.zaxxer.hikari.pool.ProxyPreparedStatement.execute(ProxyPreparedStatement.java:44)
	at com.zaxxer.hikari.pool.HikariProxyPreparedStatement.execute(HikariProxyPreparedStatement.java)
	at sun.reflect.NativeMethodAccessorImpl.invoke0(Native Method)
	at sun.reflect.NativeMethodAccessorImpl.invoke(NativeMethodAccessorImpl.java:62)
	at sun.reflect.DelegatingMethodAccessorImpl.invoke(DelegatingMethodAccessorImpl.java:43)
	at java.lang.reflect.Method.invoke(Method.java:498)
	at org.apache.ibatis.logging.jdbc.PreparedStatementLogger.invoke(PreparedStatementLogger.java:59)
	at com.sun.proxy.$Proxy129.execute(Unknown Source)
	at org.apache.ibatis.executor.statement.PreparedStatementHandler.update(PreparedStatementHandler.java:47)
	at org.apache.ibatis.executor.statement.RoutingStatementHandler.update(RoutingStatementHandler.java:74)
	at sun.reflect.NativeMethodAccessorImpl.invoke0(Native Method)
	at sun.reflect.NativeMethodAccessorImpl.invoke(NativeMethodAccessorImpl.java:62)
	at sun.reflect.DelegatingMethodAccessorImpl.invoke(DelegatingMethodAccessorImpl.java:43)
	at java.lang.reflect.Method.invoke(Method.java:498)
	at org.apache.ibatis.plugin.Plugin.invoke(Plugin.java:63)
	at com.sun.proxy.$Proxy127.update(Unknown Source)
	at com.baomidou.mybatisplus.core.executor.MybatisSimpleExecutor.doUpdate(MybatisSimpleExecutor.java:54)
	at org.apache.ibatis.executor.BaseExecutor.update(BaseExecutor.java:117)
	at com.baomidou.mybatisplus.core.executor.MybatisCachingExecutor.update(MybatisCachingExecutor.java:83)
	at org.apache.ibatis.session.defaults.DefaultSqlSession.update(DefaultSqlSession.java:197)
	at org.apache.ibatis.session.defaults.DefaultSqlSession.insert(DefaultSqlSession.java:184)
	at sun.reflect.NativeMethodAccessorImpl.invoke0(Native Method)
	at sun.reflect.NativeMethodAccessorImpl.invoke(NativeMethodAccessorImpl.java:62)
	at sun.reflect.DelegatingMethodAccessorImpl.invoke(DelegatingMethodAccessorImpl.java:43)
	at java.lang.reflect.Method.invoke(Method.java:498)
	at org.mybatis.spring.SqlSessionTemplate$SqlSessionInterceptor.invoke(SqlSessionTemplate.java:426)
	at com.sun.proxy.$Proxy96.insert(Unknown Source)
	at org.mybatis.spring.SqlSessionTemplate.insert(SqlSessionTemplate.java:271)
	at com.baomidou.mybatisplus.core.override.MybatisMapperMethod.execute(MybatisMapperMethod.java:60)
	at com.baomidou.mybatisplus.core.override.MybatisMapperProxy.invoke(MybatisMapperProxy.java:96)
	at com.sun.proxy.$Proxy102.insert(Unknown Source)
	at com.hfi.insurance.service.impl.YbInstitutionInfoServiceImpl.addYbInstitutionInfoChange(YbInstitutionInfoServiceImpl.java:306)
	at com.hfi.insurance.service.impl.YbInstitutionInfoServiceImpl$$FastClassBySpringCGLIB$$482def69.invoke(<generated>)
	at org.springframework.cglib.proxy.MethodProxy.invoke(MethodProxy.java:218)
	at org.springframework.aop.framework.CglibAopProxy$CglibMethodInvocation.invokeJoinpoint(CglibAopProxy.java:779)
	at org.springframework.aop.framework.ReflectiveMethodInvocation.proceed(ReflectiveMethodInvocation.java:163)
	at org.springframework.aop.framework.CglibAopProxy$CglibMethodInvocation.proceed(CglibAopProxy.java:750)
	at org.springframework.aop.interceptor.ExposeInvocationInterceptor.invoke(ExposeInvocationInterceptor.java:95)
	at org.springframework.aop.framework.ReflectiveMethodInvocation.proceed(ReflectiveMethodInvocation.java:186)
	at org.springframework.aop.framework.CglibAopProxy$CglibMethodInvocation.proceed(CglibAopProxy.java:750)
	at org.springframework.aop.framework.CglibAopProxy$DynamicAdvisedInterceptor.intercept(CglibAopProxy.java:692)
	at com.hfi.insurance.service.impl.YbInstitutionInfoServiceImpl$$EnhancerBySpringCGLIB$$f12a3aad.addYbInstitutionInfoChange(<generated>)
	at com.hfi.insurance.controller.InstitutionController.addYbInstitutionInfoChange(InstitutionController.java:154)
	at sun.reflect.NativeMethodAccessorImpl.invoke0(Native Method)
	at sun.reflect.NativeMethodAccessorImpl.invoke(NativeMethodAccessorImpl.java:62)
	at sun.reflect.DelegatingMethodAccessorImpl.invoke(DelegatingMethodAccessorImpl.java:43)
	at java.lang.reflect.Method.invoke(Method.java:498)
	at org.springframework.web.method.support.InvocableHandlerMethod.doInvoke(InvocableHandlerMethod.java:190)
	at org.springframework.web.method.support.InvocableHandlerMethod.invokeForRequest(InvocableHandlerMethod.java:138)
	at org.springframework.web.servlet.mvc.method.annotation.ServletInvocableHandlerMethod.invokeAndHandle(ServletInvocableHandlerMethod.java:105)
	at org.springframework.web.servlet.mvc.method.annotation.RequestMappingHandlerAdapter.invokeHandlerMethod(RequestMappingHandlerAdapter.java:878)
	at org.springframework.web.servlet.mvc.method.annotation.RequestMappingHandlerAdapter.handleInternal(RequestMappingHandlerAdapter.java:792)
	at org.springframework.web.servlet.mvc.method.AbstractHandlerMethodAdapter.handle(AbstractHandlerMethodAdapter.java:87)
	at org.springframework.web.servlet.DispatcherServlet.doDispatch(DispatcherServlet.java:1040)
	at org.springframework.web.servlet.DispatcherServlet.doService(DispatcherServlet.java:943)
	at org.springframework.web.servlet.FrameworkServlet.processRequest(FrameworkServlet.java:1006)
	at org.springframework.web.servlet.FrameworkServlet.doPost(FrameworkServlet.java:909)
	at javax.servlet.http.HttpServlet.service(HttpServlet.java:652)
	at org.springframework.web.servlet.FrameworkServlet.service(FrameworkServlet.java:883)
	at javax.servlet.http.HttpServlet.service(HttpServlet.java:733)
	at org.apache.catalina.core.ApplicationFilterChain.internalDoFilter(ApplicationFilterChain.java:227)
	at org.apache.catalina.core.ApplicationFilterChain.doFilter(ApplicationFilterChain.java:162)
	at org.apache.tomcat.websocket.server.WsFilter.doFilter(WsFilter.java:53)
	at org.apache.catalina.core.ApplicationFilterChain.internalDoFilter(ApplicationFilterChain.java:189)
	at org.apache.catalina.core.ApplicationFilterChain.doFilter(ApplicationFilterChain.java:162)
	at org.springframework.web.filter.RequestContextFilter.doFilterInternal(RequestContextFilter.java:100)
	at org.springframework.web.filter.OncePerRequestFilter.doFilter(OncePerRequestFilter.java:119)
	at org.apache.catalina.core.ApplicationFilterChain.internalDoFilter(ApplicationFilterChain.java:189)
	at org.apache.catalina.core.ApplicationFilterChain.doFilter(ApplicationFilterChain.java:162)
	at org.springframework.web.filter.FormContentFilter.doFilterInternal(FormContentFilter.java:93)
	at org.springframework.web.filter.OncePerRequestFilter.doFilter(OncePerRequestFilter.java:119)
	at org.apache.catalina.core.ApplicationFilterChain.internalDoFilter(ApplicationFilterChain.java:189)
	at org.apache.catalina.core.ApplicationFilterChain.doFilter(ApplicationFilterChain.java:162)
	at org.springframework.web.filter.CharacterEncodingFilter.doFilterInternal(CharacterEncodingFilter.java:201)
	at org.springframework.web.filter.OncePerRequestFilter.doFilter(OncePerRequestFilter.java:119)
	at org.apache.catalina.core.ApplicationFilterChain.internalDoFilter(ApplicationFilterChain.java:189)
	at org.apache.catalina.core.ApplicationFilterChain.doFilter(ApplicationFilterChain.java:162)
	at org.apache.catalina.core.StandardWrapperValve.invoke(StandardWrapperValve.java:202)
	at org.apache.catalina.core.StandardContextValve.invoke(StandardContextValve.java:97)
	at org.apache.catalina.authenticator.AuthenticatorBase.invoke(AuthenticatorBase.java:542)
	at org.apache.catalina.core.StandardHostValve.invoke(StandardHostValve.java:143)
	at org.apache.catalina.valves.ErrorReportValve.invoke(ErrorReportValve.java:92)
	at org.apache.catalina.core.StandardEngineValve.invoke(StandardEngineValve.java:78)
	at org.apache.catalina.connector.CoyoteAdapter.service(CoyoteAdapter.java:357)
	at org.apache.coyote.http11.Http11Processor.service(Http11Processor.java:374)
	at org.apache.coyote.AbstractProcessorLight.process(AbstractProcessorLight.java:65)
	at org.apache.coyote.AbstractProtocol$ConnectionHandler.process(AbstractProtocol.java:893)
	at org.apache.tomcat.util.net.NioEndpoint$SocketProcessor.doRun(NioEndpoint.java:1707)
	at org.apache.tomcat.util.net.SocketProcessorBase.run(SocketProcessorBase.java:49)
	at java.util.concurrent.ThreadPoolExecutor.runWorker(ThreadPoolExecutor.java:1149)
	at java.util.concurrent.ThreadPoolExecutor$Worker.run(ThreadPoolExecutor.java:624)
	at org.apache.tomcat.util.threads.TaskThread$WrappingRunnable.run(TaskThread.java:61)
	at java.lang.Thread.run(Thread.java:748)
[2021-09-08 14:07:56,494],[INFO],[insurance-info-server],[],[],[SpringContextShutdownHook]:org.springframework.scheduling.concurrent.ExecutorConfigurationSupport:218,Shutting down ExecutorService 'applicationTaskExecutor' 
[2021-09-08 14:07:56,498],[INFO],[insurance-info-server],[],[],[SpringContextShutdownHook]:com.zaxxer.hikari.HikariDataSource:350,HikariPool-1 - Shutdown initiated... 
[2021-09-08 14:07:56,501],[INFO],[insurance-info-server],[],[],[SpringContextShutdownHook]:com.zaxxer.hikari.HikariDataSource:352,HikariPool-1 - Shutdown completed. 
[2021-09-08 14:12:24,975],[INFO],[insurance-info-server],[],[],[main]:org.springframework.boot.StartupInfoLogger:55,Starting Application on ztx with PID 60044 (D:\zzj\insurance-info-server\target\classes started by lenovo in D:\zzj\insurance-info-server) 
[2021-09-08 14:12:24,980],[DEBUG],[insurance-info-server],[],[],[main]:org.springframework.boot.StartupInfoLogger:56,Running with Spring Boot v2.3.12.RELEASE, Spring v5.2.15.RELEASE 
[2021-09-08 14:12:24,980],[INFO],[insurance-info-server],[],[],[main]:org.springframework.boot.SpringApplication:652,The following profiles are active: test 
[2021-09-08 14:12:27,141],[INFO],[insurance-info-server],[],[],[main]:org.springframework.boot.web.embedded.tomcat.TomcatWebServer:108,Tomcat initialized with port(s): 8097 (http) 
[2021-09-08 14:12:27,156],[INFO],[insurance-info-server],[],[],[main]:org.apache.juli.logging.DirectJDKLog:173,Initializing ProtocolHandler ["http-nio-8097"] 
[2021-09-08 14:12:27,157],[INFO],[insurance-info-server],[],[],[main]:org.apache.juli.logging.DirectJDKLog:173,Starting service [Tomcat] 
[2021-09-08 14:12:27,157],[INFO],[insurance-info-server],[],[],[main]:org.apache.juli.logging.DirectJDKLog:173,Starting Servlet engine: [Apache Tomcat/9.0.46] 
[2021-09-08 14:12:27,332],[INFO],[insurance-info-server],[],[],[main]:org.apache.juli.logging.DirectJDKLog:173,Initializing Spring embedded WebApplicationContext 
[2021-09-08 14:12:27,333],[INFO],[insurance-info-server],[],[],[main]:org.springframework.boot.web.servlet.context.ServletWebServerApplicationContext:285,Root WebApplicationContext: initialization completed in 2292 ms 
[2021-09-08 14:12:27,443],[INFO],[insurance-info-server],[],[],[main]:com.hfi.insurance.service.impl.InstitutionInfoServiceImpl:476,启动-开启写文件线程 
[2021-09-08 14:12:33,807],[INFO],[insurance-info-server],[],[],[main]:org.springframework.scheduling.concurrent.ExecutorConfigurationSupport:181,Initializing ExecutorService 'applicationTaskExecutor' 
[2021-09-08 14:12:34,124],[INFO],[insurance-info-server],[],[],[main]:org.apache.juli.logging.DirectJDKLog:173,Starting ProtocolHandler ["http-nio-8097"] 
[2021-09-08 14:12:34,191],[INFO],[insurance-info-server],[],[],[main]:org.springframework.boot.web.embedded.tomcat.TomcatWebServer:220,Tomcat started on port(s): 8097 (http) with context path '/insurance_info' 
[2021-09-08 14:12:34,631],[INFO],[insurance-info-server],[],[],[main]:org.springframework.boot.StartupInfoLogger:61,Started Application in 10.417 seconds (JVM running for 14.611) 
[2021-09-08 14:12:34,635],[INFO],[insurance-info-server],[],[],[main]:com.hfi.insurance.config.ApplicationInit:37,================================================== 
[2021-09-08 14:12:34,636],[INFO],[insurance-info-server],[],[],[main]:com.hfi.insurance.config.ApplicationInit:38,| 项目启动初始化 
[2021-09-08 14:12:34,638],[INFO],[insurance-info-server],[],[],[main]:com.hfi.insurance.config.ApplicationInit:39,| 当前项目环境为：test 
[2021-09-08 14:12:37,052],[INFO],[insurance-info-server],[],[],[main]:com.hfi.insurance.config.ApplicationInit:41,| Swagger API http://182.11.3.76:8097/insurance_info/swagger-ui.html#/ 
[2021-09-08 14:12:39,323],[INFO],[insurance-info-server],[],[],[main]:com.hfi.insurance.config.ApplicationInit:47,| Doc API http://182.11.3.76:8097/insurance_info/doc.html 
[2021-09-08 14:12:39,323],[INFO],[insurance-info-server],[],[],[main]:com.hfi.insurance.config.ApplicationInit:60,| 项目启动成功 
[2021-09-08 14:12:39,323],[INFO],[insurance-info-server],[],[],[main]:com.hfi.insurance.config.ApplicationInit:61,================================================== 
[2021-09-08 14:12:54,465],[INFO],[insurance-info-server],[],[],[http-nio-8097-exec-1]:org.apache.juli.logging.DirectJDKLog:173,Initializing Spring DispatcherServlet 'dispatcherServlet' 
[2021-09-08 14:12:54,466],[INFO],[insurance-info-server],[],[],[http-nio-8097-exec-1]:org.springframework.web.servlet.FrameworkServlet:525,Initializing Servlet 'dispatcherServlet' 
[2021-09-08 14:12:54,480],[INFO],[insurance-info-server],[],[],[http-nio-8097-exec-1]:org.springframework.web.servlet.FrameworkServlet:547,Completed initialization in 14 ms 
[2021-09-08 14:13:07,342],[WARN],[insurance-info-server],[],[],[http-nio-8097-exec-1]:com.zaxxer.hikari.HikariConfig:1047,HikariPool-1 - idleTimeout is close to or more than maxLifetime, disabling it. 
[2021-09-08 14:13:07,343],[INFO],[insurance-info-server],[],[],[http-nio-8097-exec-1]:com.zaxxer.hikari.HikariDataSource:110,HikariPool-1 - Starting... 
[2021-09-08 14:13:08,690],[INFO],[insurance-info-server],[],[],[http-nio-8097-exec-1]:com.zaxxer.hikari.HikariDataSource:123,HikariPool-1 - Start completed. 
[2021-09-08 14:13:08,718],[DEBUG],[insurance-info-server],[],[],[http-nio-8097-exec-1]:org.apache.ibatis.logging.jdbc.BaseJdbcLogger:143,==>  Preparing: INSERT INTO yb_institution_info_change ( number ) VALUES ( ? )  
[2021-09-08 14:13:08,738],[DEBUG],[insurance-info-server],[],[],[http-nio-8097-exec-1]:org.apache.ibatis.logging.jdbc.BaseJdbcLogger:143,==> Parameters: null 
[2021-09-08 14:13:08,942],[ERROR],[insurance-info-server],[],[],[http-nio-8097-exec-1]:org.apache.juli.logging.DirectJDKLog:175,Servlet.service() for servlet [dispatcherServlet] in context with path [/insurance_info] threw exception [Request processing failed; nested exception is org.springframework.dao.DataIntegrityViolationException: 
### Error updating database.  Cause: com.mysql.jdbc.exceptions.jdbc4.MySQLIntegrityConstraintViolationException: Column 'number' cannot be null
### The error may exist in com/hfi/insurance/mapper/YbInstitutionInfoChangeMapper.java (best guess)
### The error may involve com.hfi.insurance.mapper.YbInstitutionInfoChangeMapper.insert-Inline
### The error occurred while setting parameters
### SQL: INSERT INTO yb_institution_info_change  ( number )  VALUES  ( ? )
### Cause: com.mysql.jdbc.exceptions.jdbc4.MySQLIntegrityConstraintViolationException: Column 'number' cannot be null
; Column 'number' cannot be null; nested exception is com.mysql.jdbc.exceptions.jdbc4.MySQLIntegrityConstraintViolationException: Column 'number' cannot be null] with root cause 
com.mysql.jdbc.exceptions.jdbc4.MySQLIntegrityConstraintViolationException: Column 'number' cannot be null
	at sun.reflect.NativeConstructorAccessorImpl.newInstance0(Native Method)
	at sun.reflect.NativeConstructorAccessorImpl.newInstance(NativeConstructorAccessorImpl.java:62)
	at sun.reflect.DelegatingConstructorAccessorImpl.newInstance(DelegatingConstructorAccessorImpl.java:45)
	at java.lang.reflect.Constructor.newInstance(Constructor.java:423)
	at com.mysql.jdbc.Util.handleNewInstance(Util.java:400)
	at com.mysql.jdbc.Util.getInstance(Util.java:383)
	at com.mysql.jdbc.SQLError.createSQLException(SQLError.java:973)
	at com.mysql.jdbc.MysqlIO.checkErrorPacket(MysqlIO.java:3847)
	at com.mysql.jdbc.MysqlIO.checkErrorPacket(MysqlIO.java:3783)
	at com.mysql.jdbc.MysqlIO.sendCommand(MysqlIO.java:2447)
	at com.mysql.jdbc.MysqlIO.sqlQueryDirect(MysqlIO.java:2594)
	at com.mysql.jdbc.ConnectionImpl.execSQL(ConnectionImpl.java:2545)
	at com.mysql.jdbc.PreparedStatement.executeInternal(PreparedStatement.java:1901)
	at com.mysql.jdbc.PreparedStatement.execute(PreparedStatement.java:1193)
	at com.zaxxer.hikari.pool.ProxyPreparedStatement.execute(ProxyPreparedStatement.java:44)
	at com.zaxxer.hikari.pool.HikariProxyPreparedStatement.execute(HikariProxyPreparedStatement.java)
	at sun.reflect.NativeMethodAccessorImpl.invoke0(Native Method)
	at sun.reflect.NativeMethodAccessorImpl.invoke(NativeMethodAccessorImpl.java:62)
	at sun.reflect.DelegatingMethodAccessorImpl.invoke(DelegatingMethodAccessorImpl.java:43)
	at java.lang.reflect.Method.invoke(Method.java:498)
	at org.apache.ibatis.logging.jdbc.PreparedStatementLogger.invoke(PreparedStatementLogger.java:59)
	at com.sun.proxy.$Proxy129.execute(Unknown Source)
	at org.apache.ibatis.executor.statement.PreparedStatementHandler.update(PreparedStatementHandler.java:47)
	at org.apache.ibatis.executor.statement.RoutingStatementHandler.update(RoutingStatementHandler.java:74)
	at sun.reflect.NativeMethodAccessorImpl.invoke0(Native Method)
	at sun.reflect.NativeMethodAccessorImpl.invoke(NativeMethodAccessorImpl.java:62)
	at sun.reflect.DelegatingMethodAccessorImpl.invoke(DelegatingMethodAccessorImpl.java:43)
	at java.lang.reflect.Method.invoke(Method.java:498)
	at org.apache.ibatis.plugin.Plugin.invoke(Plugin.java:63)
	at com.sun.proxy.$Proxy127.update(Unknown Source)
	at com.baomidou.mybatisplus.core.executor.MybatisSimpleExecutor.doUpdate(MybatisSimpleExecutor.java:54)
	at org.apache.ibatis.executor.BaseExecutor.update(BaseExecutor.java:117)
	at com.baomidou.mybatisplus.core.executor.MybatisCachingExecutor.update(MybatisCachingExecutor.java:83)
	at org.apache.ibatis.session.defaults.DefaultSqlSession.update(DefaultSqlSession.java:197)
	at org.apache.ibatis.session.defaults.DefaultSqlSession.insert(DefaultSqlSession.java:184)
	at sun.reflect.NativeMethodAccessorImpl.invoke0(Native Method)
	at sun.reflect.NativeMethodAccessorImpl.invoke(NativeMethodAccessorImpl.java:62)
	at sun.reflect.DelegatingMethodAccessorImpl.invoke(DelegatingMethodAccessorImpl.java:43)
	at java.lang.reflect.Method.invoke(Method.java:498)
	at org.mybatis.spring.SqlSessionTemplate$SqlSessionInterceptor.invoke(SqlSessionTemplate.java:426)
	at com.sun.proxy.$Proxy96.insert(Unknown Source)
	at org.mybatis.spring.SqlSessionTemplate.insert(SqlSessionTemplate.java:271)
	at com.baomidou.mybatisplus.core.override.MybatisMapperMethod.execute(MybatisMapperMethod.java:60)
	at com.baomidou.mybatisplus.core.override.MybatisMapperProxy.invoke(MybatisMapperProxy.java:96)
	at com.sun.proxy.$Proxy102.insert(Unknown Source)
	at com.hfi.insurance.service.impl.YbInstitutionInfoServiceImpl.addYbInstitutionInfoChange(YbInstitutionInfoServiceImpl.java:319)
	at com.hfi.insurance.service.impl.YbInstitutionInfoServiceImpl$$FastClassBySpringCGLIB$$482def69.invoke(<generated>)
	at org.springframework.cglib.proxy.MethodProxy.invoke(MethodProxy.java:218)
	at org.springframework.aop.framework.CglibAopProxy$CglibMethodInvocation.invokeJoinpoint(CglibAopProxy.java:779)
	at org.springframework.aop.framework.ReflectiveMethodInvocation.proceed(ReflectiveMethodInvocation.java:163)
	at org.springframework.aop.framework.CglibAopProxy$CglibMethodInvocation.proceed(CglibAopProxy.java:750)
	at org.springframework.aop.interceptor.ExposeInvocationInterceptor.invoke(ExposeInvocationInterceptor.java:95)
	at org.springframework.aop.framework.ReflectiveMethodInvocation.proceed(ReflectiveMethodInvocation.java:186)
	at org.springframework.aop.framework.CglibAopProxy$CglibMethodInvocation.proceed(CglibAopProxy.java:750)
	at org.springframework.aop.framework.CglibAopProxy$DynamicAdvisedInterceptor.intercept(CglibAopProxy.java:692)
	at com.hfi.insurance.service.impl.YbInstitutionInfoServiceImpl$$EnhancerBySpringCGLIB$$dc922c08.addYbInstitutionInfoChange(<generated>)
	at com.hfi.insurance.controller.InstitutionController.addYbInstitutionInfoChange(InstitutionController.java:154)
	at sun.reflect.NativeMethodAccessorImpl.invoke0(Native Method)
	at sun.reflect.NativeMethodAccessorImpl.invoke(NativeMethodAccessorImpl.java:62)
	at sun.reflect.DelegatingMethodAccessorImpl.invoke(DelegatingMethodAccessorImpl.java:43)
	at java.lang.reflect.Method.invoke(Method.java:498)
	at org.springframework.web.method.support.InvocableHandlerMethod.doInvoke(InvocableHandlerMethod.java:190)
	at org.springframework.web.method.support.InvocableHandlerMethod.invokeForRequest(InvocableHandlerMethod.java:138)
	at org.springframework.web.servlet.mvc.method.annotation.ServletInvocableHandlerMethod.invokeAndHandle(ServletInvocableHandlerMethod.java:105)
	at org.springframework.web.servlet.mvc.method.annotation.RequestMappingHandlerAdapter.invokeHandlerMethod(RequestMappingHandlerAdapter.java:878)
	at org.springframework.web.servlet.mvc.method.annotation.RequestMappingHandlerAdapter.handleInternal(RequestMappingHandlerAdapter.java:792)
	at org.springframework.web.servlet.mvc.method.AbstractHandlerMethodAdapter.handle(AbstractHandlerMethodAdapter.java:87)
	at org.springframework.web.servlet.DispatcherServlet.doDispatch(DispatcherServlet.java:1040)
	at org.springframework.web.servlet.DispatcherServlet.doService(DispatcherServlet.java:943)
	at org.springframework.web.servlet.FrameworkServlet.processRequest(FrameworkServlet.java:1006)
	at org.springframework.web.servlet.FrameworkServlet.doPost(FrameworkServlet.java:909)
	at javax.servlet.http.HttpServlet.service(HttpServlet.java:652)
	at org.springframework.web.servlet.FrameworkServlet.service(FrameworkServlet.java:883)
	at javax.servlet.http.HttpServlet.service(HttpServlet.java:733)
	at org.apache.catalina.core.ApplicationFilterChain.internalDoFilter(ApplicationFilterChain.java:227)
	at org.apache.catalina.core.ApplicationFilterChain.doFilter(ApplicationFilterChain.java:162)
	at org.apache.tomcat.websocket.server.WsFilter.doFilter(WsFilter.java:53)
	at org.apache.catalina.core.ApplicationFilterChain.internalDoFilter(ApplicationFilterChain.java:189)
	at org.apache.catalina.core.ApplicationFilterChain.doFilter(ApplicationFilterChain.java:162)
	at org.springframework.web.filter.RequestContextFilter.doFilterInternal(RequestContextFilter.java:100)
	at org.springframework.web.filter.OncePerRequestFilter.doFilter(OncePerRequestFilter.java:119)
	at org.apache.catalina.core.ApplicationFilterChain.internalDoFilter(ApplicationFilterChain.java:189)
	at org.apache.catalina.core.ApplicationFilterChain.doFilter(ApplicationFilterChain.java:162)
	at org.springframework.web.filter.FormContentFilter.doFilterInternal(FormContentFilter.java:93)
	at org.springframework.web.filter.OncePerRequestFilter.doFilter(OncePerRequestFilter.java:119)
	at org.apache.catalina.core.ApplicationFilterChain.internalDoFilter(ApplicationFilterChain.java:189)
	at org.apache.catalina.core.ApplicationFilterChain.doFilter(ApplicationFilterChain.java:162)
	at org.springframework.web.filter.CharacterEncodingFilter.doFilterInternal(CharacterEncodingFilter.java:201)
	at org.springframework.web.filter.OncePerRequestFilter.doFilter(OncePerRequestFilter.java:119)
	at org.apache.catalina.core.ApplicationFilterChain.internalDoFilter(ApplicationFilterChain.java:189)
	at org.apache.catalina.core.ApplicationFilterChain.doFilter(ApplicationFilterChain.java:162)
	at org.apache.catalina.core.StandardWrapperValve.invoke(StandardWrapperValve.java:202)
	at org.apache.catalina.core.StandardContextValve.invoke(StandardContextValve.java:97)
	at org.apache.catalina.authenticator.AuthenticatorBase.invoke(AuthenticatorBase.java:542)
	at org.apache.catalina.core.StandardHostValve.invoke(StandardHostValve.java:143)
	at org.apache.catalina.valves.ErrorReportValve.invoke(ErrorReportValve.java:92)
	at org.apache.catalina.core.StandardEngineValve.invoke(StandardEngineValve.java:78)
	at org.apache.catalina.connector.CoyoteAdapter.service(CoyoteAdapter.java:357)
	at org.apache.coyote.http11.Http11Processor.service(Http11Processor.java:374)
	at org.apache.coyote.AbstractProcessorLight.process(AbstractProcessorLight.java:65)
	at org.apache.coyote.AbstractProtocol$ConnectionHandler.process(AbstractProtocol.java:893)
	at org.apache.tomcat.util.net.NioEndpoint$SocketProcessor.doRun(NioEndpoint.java:1707)
	at org.apache.tomcat.util.net.SocketProcessorBase.run(SocketProcessorBase.java:49)
	at java.util.concurrent.ThreadPoolExecutor.runWorker(ThreadPoolExecutor.java:1149)
	at java.util.concurrent.ThreadPoolExecutor$Worker.run(ThreadPoolExecutor.java:624)
	at org.apache.tomcat.util.threads.TaskThread$WrappingRunnable.run(TaskThread.java:61)
	at java.lang.Thread.run(Thread.java:748)
[2021-09-08 14:14:01,056],[INFO],[insurance-info-server],[],[],[SpringContextShutdownHook]:org.springframework.scheduling.concurrent.ExecutorConfigurationSupport:218,Shutting down ExecutorService 'applicationTaskExecutor' 
[2021-09-08 14:14:01,058],[INFO],[insurance-info-server],[],[],[SpringContextShutdownHook]:com.zaxxer.hikari.HikariDataSource:350,HikariPool-1 - Shutdown initiated... 
[2021-09-08 14:14:01,063],[INFO],[insurance-info-server],[],[],[SpringContextShutdownHook]:com.zaxxer.hikari.HikariDataSource:352,HikariPool-1 - Shutdown completed. 
[2021-09-08 14:14:13,760],[INFO],[insurance-info-server],[],[],[main]:org.springframework.boot.StartupInfoLogger:55,Starting Application on ztx with PID 68216 (D:\zzj\insurance-info-server\target\classes started by lenovo in D:\zzj\insurance-info-server) 
[2021-09-08 14:14:13,764],[DEBUG],[insurance-info-server],[],[],[main]:org.springframework.boot.StartupInfoLogger:56,Running with Spring Boot v2.3.12.RELEASE, Spring v5.2.15.RELEASE 
[2021-09-08 14:14:13,764],[INFO],[insurance-info-server],[],[],[main]:org.springframework.boot.SpringApplication:652,The following profiles are active: test 
[2021-09-08 14:14:15,646],[INFO],[insurance-info-server],[],[],[main]:org.springframework.boot.web.embedded.tomcat.TomcatWebServer:108,Tomcat initialized with port(s): 8097 (http) 
[2021-09-08 14:14:15,656],[INFO],[insurance-info-server],[],[],[main]:org.apache.juli.logging.DirectJDKLog:173,Initializing ProtocolHandler ["http-nio-8097"] 
[2021-09-08 14:14:15,657],[INFO],[insurance-info-server],[],[],[main]:org.apache.juli.logging.DirectJDKLog:173,Starting service [Tomcat] 
[2021-09-08 14:14:15,658],[INFO],[insurance-info-server],[],[],[main]:org.apache.juli.logging.DirectJDKLog:173,Starting Servlet engine: [Apache Tomcat/9.0.46] 
[2021-09-08 14:14:15,827],[INFO],[insurance-info-server],[],[],[main]:org.apache.juli.logging.DirectJDKLog:173,Initializing Spring embedded WebApplicationContext 
[2021-09-08 14:14:15,828],[INFO],[insurance-info-server],[],[],[main]:org.springframework.boot.web.servlet.context.ServletWebServerApplicationContext:285,Root WebApplicationContext: initialization completed in 2008 ms 
[2021-09-08 14:14:15,965],[INFO],[insurance-info-server],[],[],[main]:com.hfi.insurance.service.impl.InstitutionInfoServiceImpl:476,启动-开启写文件线程 
[2021-09-08 14:14:21,941],[INFO],[insurance-info-server],[],[],[main]:org.springframework.scheduling.concurrent.ExecutorConfigurationSupport:181,Initializing ExecutorService 'applicationTaskExecutor' 
[2021-09-08 14:14:22,249],[INFO],[insurance-info-server],[],[],[main]:org.apache.juli.logging.DirectJDKLog:173,Starting ProtocolHandler ["http-nio-8097"] 
[2021-09-08 14:14:22,310],[INFO],[insurance-info-server],[],[],[main]:org.springframework.boot.web.embedded.tomcat.TomcatWebServer:220,Tomcat started on port(s): 8097 (http) with context path '/insurance_info' 
[2021-09-08 14:14:22,725],[INFO],[insurance-info-server],[],[],[main]:org.springframework.boot.StartupInfoLogger:61,Started Application in 9.662 seconds (JVM running for 12.822) 
[2021-09-08 14:14:22,730],[INFO],[insurance-info-server],[],[],[main]:com.hfi.insurance.config.ApplicationInit:37,================================================== 
[2021-09-08 14:14:22,730],[INFO],[insurance-info-server],[],[],[main]:com.hfi.insurance.config.ApplicationInit:38,| 项目启动初始化 
[2021-09-08 14:14:22,733],[INFO],[insurance-info-server],[],[],[main]:com.hfi.insurance.config.ApplicationInit:39,| 当前项目环境为：test 
[2021-09-08 14:14:25,123],[INFO],[insurance-info-server],[],[],[main]:com.hfi.insurance.config.ApplicationInit:41,| Swagger API http://182.11.3.76:8097/insurance_info/swagger-ui.html#/ 
[2021-09-08 14:14:27,447],[INFO],[insurance-info-server],[],[],[main]:com.hfi.insurance.config.ApplicationInit:47,| Doc API http://182.11.3.76:8097/insurance_info/doc.html 
[2021-09-08 14:14:27,447],[INFO],[insurance-info-server],[],[],[main]:com.hfi.insurance.config.ApplicationInit:60,| 项目启动成功 
[2021-09-08 14:14:27,447],[INFO],[insurance-info-server],[],[],[main]:com.hfi.insurance.config.ApplicationInit:61,================================================== 
[2021-09-08 14:14:28,037],[INFO],[insurance-info-server],[],[],[http-nio-8097-exec-2]:org.apache.juli.logging.DirectJDKLog:173,Initializing Spring DispatcherServlet 'dispatcherServlet' 
[2021-09-08 14:14:28,037],[INFO],[insurance-info-server],[],[],[http-nio-8097-exec-2]:org.springframework.web.servlet.FrameworkServlet:525,Initializing Servlet 'dispatcherServlet' 
[2021-09-08 14:14:28,049],[INFO],[insurance-info-server],[],[],[http-nio-8097-exec-2]:org.springframework.web.servlet.FrameworkServlet:547,Completed initialization in 12 ms 
[2021-09-08 14:14:37,945],[WARN],[insurance-info-server],[],[],[http-nio-8097-exec-2]:com.zaxxer.hikari.HikariConfig:1047,HikariPool-1 - idleTimeout is close to or more than maxLifetime, disabling it. 
[2021-09-08 14:14:37,945],[INFO],[insurance-info-server],[],[],[http-nio-8097-exec-2]:com.zaxxer.hikari.HikariDataSource:110,HikariPool-1 - Starting... 
[2021-09-08 14:14:38,354],[INFO],[insurance-info-server],[],[],[http-nio-8097-exec-2]:com.zaxxer.hikari.HikariDataSource:123,HikariPool-1 - Start completed. 
[2021-09-08 14:14:38,376],[DEBUG],[insurance-info-server],[],[],[http-nio-8097-exec-2]:org.apache.ibatis.logging.jdbc.BaseJdbcLogger:143,==>  Preparing: INSERT INTO yb_institution_info_change ( number ) VALUES ( ? )  
[2021-09-08 14:14:38,395],[DEBUG],[insurance-info-server],[],[],[http-nio-8097-exec-2]:org.apache.ibatis.logging.jdbc.BaseJdbcLogger:143,==> Parameters: 0100(String) 
[2021-09-08 14:14:38,491],[ERROR],[insurance-info-server],[],[],[http-nio-8097-exec-2]:org.apache.juli.logging.DirectJDKLog:175,Servlet.service() for servlet [dispatcherServlet] in context with path [/insurance_info] threw exception [Request processing failed; nested exception is org.springframework.dao.DataIntegrityViolationException: 
### Error updating database.  Cause: java.sql.SQLException: Field 'org_institution_code' doesn't have a default value
### The error may exist in com/hfi/insurance/mapper/YbInstitutionInfoChangeMapper.java (best guess)
### The error may involve com.hfi.insurance.mapper.YbInstitutionInfoChangeMapper.insert-Inline
### The error occurred while setting parameters
### SQL: INSERT INTO yb_institution_info_change  ( number )  VALUES  ( ? )
### Cause: java.sql.SQLException: Field 'org_institution_code' doesn't have a default value
; Field 'org_institution_code' doesn't have a default value; nested exception is java.sql.SQLException: Field 'org_institution_code' doesn't have a default value] with root cause 
java.sql.SQLException: Field 'org_institution_code' doesn't have a default value
	at com.mysql.jdbc.SQLError.createSQLException(SQLError.java:998)
	at com.mysql.jdbc.MysqlIO.checkErrorPacket(MysqlIO.java:3847)
	at com.mysql.jdbc.MysqlIO.checkErrorPacket(MysqlIO.java:3783)
	at com.mysql.jdbc.MysqlIO.sendCommand(MysqlIO.java:2447)
	at com.mysql.jdbc.MysqlIO.sqlQueryDirect(MysqlIO.java:2594)
	at com.mysql.jdbc.ConnectionImpl.execSQL(ConnectionImpl.java:2545)
	at com.mysql.jdbc.PreparedStatement.executeInternal(PreparedStatement.java:1901)
	at com.mysql.jdbc.PreparedStatement.execute(PreparedStatement.java:1193)
	at com.zaxxer.hikari.pool.ProxyPreparedStatement.execute(ProxyPreparedStatement.java:44)
	at com.zaxxer.hikari.pool.HikariProxyPreparedStatement.execute(HikariProxyPreparedStatement.java)
	at sun.reflect.NativeMethodAccessorImpl.invoke0(Native Method)
	at sun.reflect.NativeMethodAccessorImpl.invoke(NativeMethodAccessorImpl.java:62)
	at sun.reflect.DelegatingMethodAccessorImpl.invoke(DelegatingMethodAccessorImpl.java:43)
	at java.lang.reflect.Method.invoke(Method.java:498)
	at org.apache.ibatis.logging.jdbc.PreparedStatementLogger.invoke(PreparedStatementLogger.java:59)
	at com.sun.proxy.$Proxy129.execute(Unknown Source)
	at org.apache.ibatis.executor.statement.PreparedStatementHandler.update(PreparedStatementHandler.java:47)
	at org.apache.ibatis.executor.statement.RoutingStatementHandler.update(RoutingStatementHandler.java:74)
	at sun.reflect.NativeMethodAccessorImpl.invoke0(Native Method)
	at sun.reflect.NativeMethodAccessorImpl.invoke(NativeMethodAccessorImpl.java:62)
	at sun.reflect.DelegatingMethodAccessorImpl.invoke(DelegatingMethodAccessorImpl.java:43)
	at java.lang.reflect.Method.invoke(Method.java:498)
	at org.apache.ibatis.plugin.Plugin.invoke(Plugin.java:63)
	at com.sun.proxy.$Proxy127.update(Unknown Source)
	at com.baomidou.mybatisplus.core.executor.MybatisSimpleExecutor.doUpdate(MybatisSimpleExecutor.java:54)
	at org.apache.ibatis.executor.BaseExecutor.update(BaseExecutor.java:117)
	at com.baomidou.mybatisplus.core.executor.MybatisCachingExecutor.update(MybatisCachingExecutor.java:83)
	at org.apache.ibatis.session.defaults.DefaultSqlSession.update(DefaultSqlSession.java:197)
	at org.apache.ibatis.session.defaults.DefaultSqlSession.insert(DefaultSqlSession.java:184)
	at sun.reflect.NativeMethodAccessorImpl.invoke0(Native Method)
	at sun.reflect.NativeMethodAccessorImpl.invoke(NativeMethodAccessorImpl.java:62)
	at sun.reflect.DelegatingMethodAccessorImpl.invoke(DelegatingMethodAccessorImpl.java:43)
	at java.lang.reflect.Method.invoke(Method.java:498)
	at org.mybatis.spring.SqlSessionTemplate$SqlSessionInterceptor.invoke(SqlSessionTemplate.java:426)
	at com.sun.proxy.$Proxy96.insert(Unknown Source)
	at org.mybatis.spring.SqlSessionTemplate.insert(SqlSessionTemplate.java:271)
	at com.baomidou.mybatisplus.core.override.MybatisMapperMethod.execute(MybatisMapperMethod.java:60)
	at com.baomidou.mybatisplus.core.override.MybatisMapperProxy.invoke(MybatisMapperProxy.java:96)
	at com.sun.proxy.$Proxy102.insert(Unknown Source)
	at com.hfi.insurance.service.impl.YbInstitutionInfoServiceImpl.addYbInstitutionInfoChange(YbInstitutionInfoServiceImpl.java:319)
	at com.hfi.insurance.service.impl.YbInstitutionInfoServiceImpl$$FastClassBySpringCGLIB$$482def69.invoke(<generated>)
	at org.springframework.cglib.proxy.MethodProxy.invoke(MethodProxy.java:218)
	at org.springframework.aop.framework.CglibAopProxy$CglibMethodInvocation.invokeJoinpoint(CglibAopProxy.java:779)
	at org.springframework.aop.framework.ReflectiveMethodInvocation.proceed(ReflectiveMethodInvocation.java:163)
	at org.springframework.aop.framework.CglibAopProxy$CglibMethodInvocation.proceed(CglibAopProxy.java:750)
	at org.springframework.aop.interceptor.ExposeInvocationInterceptor.invoke(ExposeInvocationInterceptor.java:95)
	at org.springframework.aop.framework.ReflectiveMethodInvocation.proceed(ReflectiveMethodInvocation.java:186)
	at org.springframework.aop.framework.CglibAopProxy$CglibMethodInvocation.proceed(CglibAopProxy.java:750)
	at org.springframework.aop.framework.CglibAopProxy$DynamicAdvisedInterceptor.intercept(CglibAopProxy.java:692)
	at com.hfi.insurance.service.impl.YbInstitutionInfoServiceImpl$$EnhancerBySpringCGLIB$$17d54502.addYbInstitutionInfoChange(<generated>)
	at com.hfi.insurance.controller.InstitutionController.addYbInstitutionInfoChange(InstitutionController.java:154)
	at sun.reflect.NativeMethodAccessorImpl.invoke0(Native Method)
	at sun.reflect.NativeMethodAccessorImpl.invoke(NativeMethodAccessorImpl.java:62)
	at sun.reflect.DelegatingMethodAccessorImpl.invoke(DelegatingMethodAccessorImpl.java:43)
	at java.lang.reflect.Method.invoke(Method.java:498)
	at org.springframework.web.method.support.InvocableHandlerMethod.doInvoke(InvocableHandlerMethod.java:190)
	at org.springframework.web.method.support.InvocableHandlerMethod.invokeForRequest(InvocableHandlerMethod.java:138)
	at org.springframework.web.servlet.mvc.method.annotation.ServletInvocableHandlerMethod.invokeAndHandle(ServletInvocableHandlerMethod.java:105)
	at org.springframework.web.servlet.mvc.method.annotation.RequestMappingHandlerAdapter.invokeHandlerMethod(RequestMappingHandlerAdapter.java:878)
	at org.springframework.web.servlet.mvc.method.annotation.RequestMappingHandlerAdapter.handleInternal(RequestMappingHandlerAdapter.java:792)
	at org.springframework.web.servlet.mvc.method.AbstractHandlerMethodAdapter.handle(AbstractHandlerMethodAdapter.java:87)
	at org.springframework.web.servlet.DispatcherServlet.doDispatch(DispatcherServlet.java:1040)
	at org.springframework.web.servlet.DispatcherServlet.doService(DispatcherServlet.java:943)
	at org.springframework.web.servlet.FrameworkServlet.processRequest(FrameworkServlet.java:1006)
	at org.springframework.web.servlet.FrameworkServlet.doPost(FrameworkServlet.java:909)
	at javax.servlet.http.HttpServlet.service(HttpServlet.java:652)
	at org.springframework.web.servlet.FrameworkServlet.service(FrameworkServlet.java:883)
	at javax.servlet.http.HttpServlet.service(HttpServlet.java:733)
	at org.apache.catalina.core.ApplicationFilterChain.internalDoFilter(ApplicationFilterChain.java:227)
	at org.apache.catalina.core.ApplicationFilterChain.doFilter(ApplicationFilterChain.java:162)
	at org.apache.tomcat.websocket.server.WsFilter.doFilter(WsFilter.java:53)
	at org.apache.catalina.core.ApplicationFilterChain.internalDoFilter(ApplicationFilterChain.java:189)
	at org.apache.catalina.core.ApplicationFilterChain.doFilter(ApplicationFilterChain.java:162)
	at org.springframework.web.filter.RequestContextFilter.doFilterInternal(RequestContextFilter.java:100)
	at org.springframework.web.filter.OncePerRequestFilter.doFilter(OncePerRequestFilter.java:119)
	at org.apache.catalina.core.ApplicationFilterChain.internalDoFilter(ApplicationFilterChain.java:189)
	at org.apache.catalina.core.ApplicationFilterChain.doFilter(ApplicationFilterChain.java:162)
	at org.springframework.web.filter.FormContentFilter.doFilterInternal(FormContentFilter.java:93)
	at org.springframework.web.filter.OncePerRequestFilter.doFilter(OncePerRequestFilter.java:119)
	at org.apache.catalina.core.ApplicationFilterChain.internalDoFilter(ApplicationFilterChain.java:189)
	at org.apache.catalina.core.ApplicationFilterChain.doFilter(ApplicationFilterChain.java:162)
	at org.springframework.web.filter.CharacterEncodingFilter.doFilterInternal(CharacterEncodingFilter.java:201)
	at org.springframework.web.filter.OncePerRequestFilter.doFilter(OncePerRequestFilter.java:119)
	at org.apache.catalina.core.ApplicationFilterChain.internalDoFilter(ApplicationFilterChain.java:189)
	at org.apache.catalina.core.ApplicationFilterChain.doFilter(ApplicationFilterChain.java:162)
	at org.apache.catalina.core.StandardWrapperValve.invoke(StandardWrapperValve.java:202)
	at org.apache.catalina.core.StandardContextValve.invoke(StandardContextValve.java:97)
	at org.apache.catalina.authenticator.AuthenticatorBase.invoke(AuthenticatorBase.java:542)
	at org.apache.catalina.core.StandardHostValve.invoke(StandardHostValve.java:143)
	at org.apache.catalina.valves.ErrorReportValve.invoke(ErrorReportValve.java:92)
	at org.apache.catalina.core.StandardEngineValve.invoke(StandardEngineValve.java:78)
	at org.apache.catalina.connector.CoyoteAdapter.service(CoyoteAdapter.java:357)
	at org.apache.coyote.http11.Http11Processor.service(Http11Processor.java:374)
	at org.apache.coyote.AbstractProcessorLight.process(AbstractProcessorLight.java:65)
	at org.apache.coyote.AbstractProtocol$ConnectionHandler.process(AbstractProtocol.java:893)
	at org.apache.tomcat.util.net.NioEndpoint$SocketProcessor.doRun(NioEndpoint.java:1707)
	at org.apache.tomcat.util.net.SocketProcessorBase.run(SocketProcessorBase.java:49)
	at java.util.concurrent.ThreadPoolExecutor.runWorker(ThreadPoolExecutor.java:1149)
	at java.util.concurrent.ThreadPoolExecutor$Worker.run(ThreadPoolExecutor.java:624)
	at org.apache.tomcat.util.threads.TaskThread$WrappingRunnable.run(TaskThread.java:61)
	at java.lang.Thread.run(Thread.java:748)
[2021-09-08 14:16:54,226],[DEBUG],[insurance-info-server],[],[],[http-nio-8097-exec-1]:org.apache.ibatis.logging.jdbc.BaseJdbcLogger:143,==>  Preparing: INSERT INTO yb_institution_info_change ( number, institution_name, org_institution_code, legal_name, legal_card_type, legal_id_card, legal_phone, contact_name, contact_card_type, contact_id_card, contact_phone, account_id, legal_account_id, organize_id, create_time, update_time ) VALUES ( ?, ?, ?, ?, ?, ?, ?, ?, ?, ?, ?, ?, ?, ?, ?, ? )  
[2021-09-08 14:16:54,227],[DEBUG],[insurance-info-server],[],[],[http-nio-8097-exec-1]:org.apache.ibatis.logging.jdbc.BaseJdbcLogger:143,==> Parameters: 0100(String), 杭州市临安区第一人民医院(String), 1233018547036225XD(String), 王建江(String), IDCard(String), 362102199708236119(String), 18879476719(String), 陈振兴(String), IDCard(String), 362102199708236119(String), 15068881327(String), 77f4322c-93ef-460f-9374-06e0aed20a7a(String), 77f4322c-93ef-460f-9374-06e0aed20a7a(String), 8b26b92b-f94a-413f-82e6-ee95b00a884b(String), 2021-07-05 17:02:06.0(Timestamp), 2021-08-25 10:20:17.0(Timestamp) 
[2021-09-08 14:16:54,254],[DEBUG],[insurance-info-server],[],[],[http-nio-8097-exec-1]:org.apache.ibatis.logging.jdbc.BaseJdbcLogger:143,<==    Updates: 1 
[2021-09-08 14:17:16,045],[DEBUG],[insurance-info-server],[],[],[http-nio-8097-exec-3]:org.apache.ibatis.logging.jdbc.BaseJdbcLogger:143,==>  Preparing: INSERT INTO yb_institution_info_change ( number, institution_name, org_institution_code, legal_name, legal_card_type, legal_id_card, legal_phone, contact_name, contact_card_type, contact_id_card, contact_phone, account_id, legal_account_id, organize_id, create_time, update_time ) VALUES ( ?, ?, ?, ?, ?, ?, ?, ?, ?, ?, ?, ?, ?, ?, ?, ? )  
[2021-09-08 14:17:16,047],[DEBUG],[insurance-info-server],[],[],[http-nio-8097-exec-3]:org.apache.ibatis.logging.jdbc.BaseJdbcLogger:143,==> Parameters: 0100(String), 杭州市临安区第一人民医院(String), 1233018547036225XD(String), 王建江(String), IDCard(String), 362102199708236119(String), 18879476719(String), 陈振兴(String), IDCard(String), 362102199708236119(String), 15068881327(String), 77f4322c-93ef-460f-9374-06e0aed20a7a(String), 77f4322c-93ef-460f-9374-06e0aed20a7a(String), 8b26b92b-f94a-413f-82e6-ee95b00a884b(String), 2021-07-05 17:02:06.0(Timestamp), 2021-08-25 10:20:17.0(Timestamp) 
[2021-09-08 14:17:16,082],[ERROR],[insurance-info-server],[],[],[http-nio-8097-exec-3]:org.apache.juli.logging.DirectJDKLog:175,Servlet.service() for servlet [dispatcherServlet] in context with path [/insurance_info] threw exception [Request processing failed; nested exception is org.springframework.dao.DuplicateKeyException: 
### Error updating database.  Cause: com.mysql.jdbc.exceptions.jdbc4.MySQLIntegrityConstraintViolationException: Duplicate entry '0100' for key 'PRIMARY'
### The error may exist in com/hfi/insurance/mapper/YbInstitutionInfoChangeMapper.java (best guess)
### The error may involve com.hfi.insurance.mapper.YbInstitutionInfoChangeMapper.insert-Inline
### The error occurred while setting parameters
### SQL: INSERT INTO yb_institution_info_change  ( number, institution_name, org_institution_code, legal_name, legal_card_type, legal_id_card, legal_phone, contact_name, contact_card_type, contact_id_card, contact_phone, account_id, legal_account_id, organize_id, create_time, update_time )  VALUES  ( ?, ?, ?, ?, ?, ?, ?, ?, ?, ?, ?, ?, ?, ?, ?, ? )
### Cause: com.mysql.jdbc.exceptions.jdbc4.MySQLIntegrityConstraintViolationException: Duplicate entry '0100' for key 'PRIMARY'
; Duplicate entry '0100' for key 'PRIMARY'; nested exception is com.mysql.jdbc.exceptions.jdbc4.MySQLIntegrityConstraintViolationException: Duplicate entry '0100' for key 'PRIMARY'] with root cause 
com.mysql.jdbc.exceptions.jdbc4.MySQLIntegrityConstraintViolationException: Duplicate entry '0100' for key 'PRIMARY'
	at sun.reflect.NativeConstructorAccessorImpl.newInstance0(Native Method)
	at sun.reflect.NativeConstructorAccessorImpl.newInstance(NativeConstructorAccessorImpl.java:62)
	at sun.reflect.DelegatingConstructorAccessorImpl.newInstance(DelegatingConstructorAccessorImpl.java:45)
	at java.lang.reflect.Constructor.newInstance(Constructor.java:423)
	at com.mysql.jdbc.Util.handleNewInstance(Util.java:400)
	at com.mysql.jdbc.Util.getInstance(Util.java:383)
	at com.mysql.jdbc.SQLError.createSQLException(SQLError.java:973)
	at com.mysql.jdbc.MysqlIO.checkErrorPacket(MysqlIO.java:3847)
	at com.mysql.jdbc.MysqlIO.checkErrorPacket(MysqlIO.java:3783)
	at com.mysql.jdbc.MysqlIO.sendCommand(MysqlIO.java:2447)
	at com.mysql.jdbc.MysqlIO.sqlQueryDirect(MysqlIO.java:2594)
	at com.mysql.jdbc.ConnectionImpl.execSQL(ConnectionImpl.java:2545)
	at com.mysql.jdbc.PreparedStatement.executeInternal(PreparedStatement.java:1901)
	at com.mysql.jdbc.PreparedStatement.execute(PreparedStatement.java:1193)
	at com.zaxxer.hikari.pool.ProxyPreparedStatement.execute(ProxyPreparedStatement.java:44)
	at com.zaxxer.hikari.pool.HikariProxyPreparedStatement.execute(HikariProxyPreparedStatement.java)
	at sun.reflect.NativeMethodAccessorImpl.invoke0(Native Method)
	at sun.reflect.NativeMethodAccessorImpl.invoke(NativeMethodAccessorImpl.java:62)
	at sun.reflect.DelegatingMethodAccessorImpl.invoke(DelegatingMethodAccessorImpl.java:43)
	at java.lang.reflect.Method.invoke(Method.java:498)
	at org.apache.ibatis.logging.jdbc.PreparedStatementLogger.invoke(PreparedStatementLogger.java:59)
	at com.sun.proxy.$Proxy129.execute(Unknown Source)
	at org.apache.ibatis.executor.statement.PreparedStatementHandler.update(PreparedStatementHandler.java:47)
	at org.apache.ibatis.executor.statement.RoutingStatementHandler.update(RoutingStatementHandler.java:74)
	at sun.reflect.NativeMethodAccessorImpl.invoke0(Native Method)
	at sun.reflect.NativeMethodAccessorImpl.invoke(NativeMethodAccessorImpl.java:62)
	at sun.reflect.DelegatingMethodAccessorImpl.invoke(DelegatingMethodAccessorImpl.java:43)
	at java.lang.reflect.Method.invoke(Method.java:498)
	at org.apache.ibatis.plugin.Plugin.invoke(Plugin.java:63)
	at com.sun.proxy.$Proxy127.update(Unknown Source)
	at com.baomidou.mybatisplus.core.executor.MybatisSimpleExecutor.doUpdate(MybatisSimpleExecutor.java:54)
	at org.apache.ibatis.executor.BaseExecutor.update(BaseExecutor.java:117)
	at com.baomidou.mybatisplus.core.executor.MybatisCachingExecutor.update(MybatisCachingExecutor.java:83)
	at org.apache.ibatis.session.defaults.DefaultSqlSession.update(DefaultSqlSession.java:197)
	at org.apache.ibatis.session.defaults.DefaultSqlSession.insert(DefaultSqlSession.java:184)
	at sun.reflect.NativeMethodAccessorImpl.invoke0(Native Method)
	at sun.reflect.NativeMethodAccessorImpl.invoke(NativeMethodAccessorImpl.java:62)
	at sun.reflect.DelegatingMethodAccessorImpl.invoke(DelegatingMethodAccessorImpl.java:43)
	at java.lang.reflect.Method.invoke(Method.java:498)
	at org.mybatis.spring.SqlSessionTemplate$SqlSessionInterceptor.invoke(SqlSessionTemplate.java:426)
	at com.sun.proxy.$Proxy96.insert(Unknown Source)
	at org.mybatis.spring.SqlSessionTemplate.insert(SqlSessionTemplate.java:271)
	at com.baomidou.mybatisplus.core.override.MybatisMapperMethod.execute(MybatisMapperMethod.java:60)
	at com.baomidou.mybatisplus.core.override.MybatisMapperProxy.invoke(MybatisMapperProxy.java:96)
	at com.sun.proxy.$Proxy102.insert(Unknown Source)
	at com.hfi.insurance.service.impl.YbInstitutionInfoServiceImpl.addYbInstitutionInfoChange(YbInstitutionInfoServiceImpl.java:319)
	at com.hfi.insurance.service.impl.YbInstitutionInfoServiceImpl$$FastClassBySpringCGLIB$$482def69.invoke(<generated>)
	at org.springframework.cglib.proxy.MethodProxy.invoke(MethodProxy.java:218)
	at org.springframework.aop.framework.CglibAopProxy$CglibMethodInvocation.invokeJoinpoint(CglibAopProxy.java:779)
	at org.springframework.aop.framework.ReflectiveMethodInvocation.proceed(ReflectiveMethodInvocation.java:163)
	at org.springframework.aop.framework.CglibAopProxy$CglibMethodInvocation.proceed(CglibAopProxy.java:750)
	at org.springframework.aop.interceptor.ExposeInvocationInterceptor.invoke(ExposeInvocationInterceptor.java:95)
	at org.springframework.aop.framework.ReflectiveMethodInvocation.proceed(ReflectiveMethodInvocation.java:186)
	at org.springframework.aop.framework.CglibAopProxy$CglibMethodInvocation.proceed(CglibAopProxy.java:750)
	at org.springframework.aop.framework.CglibAopProxy$DynamicAdvisedInterceptor.intercept(CglibAopProxy.java:692)
	at com.hfi.insurance.service.impl.YbInstitutionInfoServiceImpl$$EnhancerBySpringCGLIB$$17d54502.addYbInstitutionInfoChange(<generated>)
	at com.hfi.insurance.controller.InstitutionController.addYbInstitutionInfoChange(InstitutionController.java:154)
	at sun.reflect.NativeMethodAccessorImpl.invoke0(Native Method)
	at sun.reflect.NativeMethodAccessorImpl.invoke(NativeMethodAccessorImpl.java:62)
	at sun.reflect.DelegatingMethodAccessorImpl.invoke(DelegatingMethodAccessorImpl.java:43)
	at java.lang.reflect.Method.invoke(Method.java:498)
	at org.springframework.web.method.support.InvocableHandlerMethod.doInvoke(InvocableHandlerMethod.java:190)
	at org.springframework.web.method.support.InvocableHandlerMethod.invokeForRequest(InvocableHandlerMethod.java:138)
	at org.springframework.web.servlet.mvc.method.annotation.ServletInvocableHandlerMethod.invokeAndHandle(ServletInvocableHandlerMethod.java:105)
	at org.springframework.web.servlet.mvc.method.annotation.RequestMappingHandlerAdapter.invokeHandlerMethod(RequestMappingHandlerAdapter.java:878)
	at org.springframework.web.servlet.mvc.method.annotation.RequestMappingHandlerAdapter.handleInternal(RequestMappingHandlerAdapter.java:792)
	at org.springframework.web.servlet.mvc.method.AbstractHandlerMethodAdapter.handle(AbstractHandlerMethodAdapter.java:87)
	at org.springframework.web.servlet.DispatcherServlet.doDispatch(DispatcherServlet.java:1040)
	at org.springframework.web.servlet.DispatcherServlet.doService(DispatcherServlet.java:943)
	at org.springframework.web.servlet.FrameworkServlet.processRequest(FrameworkServlet.java:1006)
	at org.springframework.web.servlet.FrameworkServlet.doPost(FrameworkServlet.java:909)
	at javax.servlet.http.HttpServlet.service(HttpServlet.java:652)
	at org.springframework.web.servlet.FrameworkServlet.service(FrameworkServlet.java:883)
	at javax.servlet.http.HttpServlet.service(HttpServlet.java:733)
	at org.apache.catalina.core.ApplicationFilterChain.internalDoFilter(ApplicationFilterChain.java:227)
	at org.apache.catalina.core.ApplicationFilterChain.doFilter(ApplicationFilterChain.java:162)
	at org.apache.tomcat.websocket.server.WsFilter.doFilter(WsFilter.java:53)
	at org.apache.catalina.core.ApplicationFilterChain.internalDoFilter(ApplicationFilterChain.java:189)
	at org.apache.catalina.core.ApplicationFilterChain.doFilter(ApplicationFilterChain.java:162)
	at org.springframework.web.filter.RequestContextFilter.doFilterInternal(RequestContextFilter.java:100)
	at org.springframework.web.filter.OncePerRequestFilter.doFilter(OncePerRequestFilter.java:119)
	at org.apache.catalina.core.ApplicationFilterChain.internalDoFilter(ApplicationFilterChain.java:189)
	at org.apache.catalina.core.ApplicationFilterChain.doFilter(ApplicationFilterChain.java:162)
	at org.springframework.web.filter.FormContentFilter.doFilterInternal(FormContentFilter.java:93)
	at org.springframework.web.filter.OncePerRequestFilter.doFilter(OncePerRequestFilter.java:119)
	at org.apache.catalina.core.ApplicationFilterChain.internalDoFilter(ApplicationFilterChain.java:189)
	at org.apache.catalina.core.ApplicationFilterChain.doFilter(ApplicationFilterChain.java:162)
	at org.springframework.web.filter.CharacterEncodingFilter.doFilterInternal(CharacterEncodingFilter.java:201)
	at org.springframework.web.filter.OncePerRequestFilter.doFilter(OncePerRequestFilter.java:119)
	at org.apache.catalina.core.ApplicationFilterChain.internalDoFilter(ApplicationFilterChain.java:189)
	at org.apache.catalina.core.ApplicationFilterChain.doFilter(ApplicationFilterChain.java:162)
	at org.apache.catalina.core.StandardWrapperValve.invoke(StandardWrapperValve.java:202)
	at org.apache.catalina.core.StandardContextValve.invoke(StandardContextValve.java:97)
	at org.apache.catalina.authenticator.AuthenticatorBase.invoke(AuthenticatorBase.java:542)
	at org.apache.catalina.core.StandardHostValve.invoke(StandardHostValve.java:143)
	at org.apache.catalina.valves.ErrorReportValve.invoke(ErrorReportValve.java:92)
	at org.apache.catalina.core.StandardEngineValve.invoke(StandardEngineValve.java:78)
	at org.apache.catalina.connector.CoyoteAdapter.service(CoyoteAdapter.java:357)
	at org.apache.coyote.http11.Http11Processor.service(Http11Processor.java:374)
	at org.apache.coyote.AbstractProcessorLight.process(AbstractProcessorLight.java:65)
	at org.apache.coyote.AbstractProtocol$ConnectionHandler.process(AbstractProtocol.java:893)
	at org.apache.tomcat.util.net.NioEndpoint$SocketProcessor.doRun(NioEndpoint.java:1707)
	at org.apache.tomcat.util.net.SocketProcessorBase.run(SocketProcessorBase.java:49)
	at java.util.concurrent.ThreadPoolExecutor.runWorker(ThreadPoolExecutor.java:1149)
	at java.util.concurrent.ThreadPoolExecutor$Worker.run(ThreadPoolExecutor.java:624)
	at org.apache.tomcat.util.threads.TaskThread$WrappingRunnable.run(TaskThread.java:61)
	at java.lang.Thread.run(Thread.java:748)
[2021-09-08 14:17:41,953],[DEBUG],[insurance-info-server],[],[],[http-nio-8097-exec-4]:org.apache.ibatis.logging.jdbc.BaseJdbcLogger:143,==>  Preparing: INSERT INTO yb_institution_info_change ( number, institution_name, org_institution_code, legal_name, legal_card_type, legal_id_card, legal_phone, contact_name, contact_card_type, contact_id_card, contact_phone, account_id, legal_account_id, organize_id, create_time, update_time ) VALUES ( ?, ?, ?, ?, ?, ?, ?, ?, ?, ?, ?, ?, ?, ?, ?, ? )  
[2021-09-08 14:17:41,954],[DEBUG],[insurance-info-server],[],[],[http-nio-8097-exec-4]:org.apache.ibatis.logging.jdbc.BaseJdbcLogger:143,==> Parameters: 0100(String), 杭州市临安区第一人民医院(String), 1233018547036225XD(String), 王建江(String), IDCard(String), 362102199708236119(String), 18879476719(String), 陈振兴(String), IDCard(String), 362102199708236119(String), 15068881327(String), 77f4322c-93ef-460f-9374-06e0aed20a7a(String), 77f4322c-93ef-460f-9374-06e0aed20a7a(String), 8b26b92b-f94a-413f-82e6-ee95b00a884b(String), 2021-07-05 17:02:06.0(Timestamp), 2021-08-25 10:20:17.0(Timestamp) 
[2021-09-08 14:17:41,973],[DEBUG],[insurance-info-server],[],[],[http-nio-8097-exec-4]:org.apache.ibatis.logging.jdbc.BaseJdbcLogger:143,<==    Updates: 1 
